2024-12-18T11:09:18.548-06:00  INFO 36931 --- [TicketSystem] [main] c.r.T.TicketSystemApplication            : Starting TicketSystemApplication using Java 21.0.4 with PID 36931 (/Users/brandon/devFolder/java/TicketSystem/TicketSystemServer/target/classes started by brandon in /Users/brandon/devFolder/java/TicketSystem/TicketSystemServer)
2024-12-18T11:09:18.550-06:00  INFO 36931 --- [TicketSystem] [main] c.r.T.TicketSystemApplication            : No active profile set, falling back to 1 default profile: "default"
2024-12-18T11:09:19.202-06:00  INFO 36931 --- [TicketSystem] [main] .s.d.r.c.RepositoryConfigurationDelegate : Bootstrapping Spring Data JPA repositories in DEFAULT mode.
2024-12-18T11:09:19.235-06:00  INFO 36931 --- [TicketSystem] [main] .s.d.r.c.RepositoryConfigurationDelegate : Finished Spring Data repository scanning in 28 ms. Found 2 JPA repository interfaces.
2024-12-18T11:09:19.671-06:00  INFO 36931 --- [TicketSystem] [main] o.s.b.w.embedded.tomcat.TomcatWebServer  : Tomcat initialized with port 5000 (http)
2024-12-18T11:09:19.681-06:00  INFO 36931 --- [TicketSystem] [main] o.apache.catalina.core.StandardService   : Starting service [Tomcat]
2024-12-18T11:09:19.681-06:00  INFO 36931 --- [TicketSystem] [main] o.apache.catalina.core.StandardEngine    : Starting Servlet engine: [Apache Tomcat/10.1.33]
2024-12-18T11:09:19.706-06:00  INFO 36931 --- [TicketSystem] [main] o.a.c.c.C.[Tomcat].[localhost].[/]       : Initializing Spring embedded WebApplicationContext
2024-12-18T11:09:19.706-06:00  INFO 36931 --- [TicketSystem] [main] w.s.c.ServletWebServerApplicationContext : Root WebApplicationContext: initialization completed in 1102 ms
2024-12-18T11:09:19.895-06:00  INFO 36931 --- [TicketSystem] [main] o.hibernate.jpa.internal.util.LogHelper  : HHH000204: Processing PersistenceUnitInfo [name: default]
2024-12-18T11:09:19.926-06:00  INFO 36931 --- [TicketSystem] [main] org.hibernate.Version                    : HHH000412: Hibernate ORM core version 6.6.2.Final
2024-12-18T11:09:19.942-06:00  INFO 36931 --- [TicketSystem] [main] o.h.c.internal.RegionFactoryInitiator    : HHH000026: Second-level cache disabled
2024-12-18T11:09:20.078-06:00  INFO 36931 --- [TicketSystem] [main] o.s.o.j.p.SpringPersistenceUnitInfo      : No LoadTimeWeaver setup: ignoring JPA class transformer
2024-12-18T11:09:20.092-06:00  INFO 36931 --- [TicketSystem] [main] com.zaxxer.hikari.HikariDataSource       : HikariPool-1 - Starting...
2024-12-18T11:09:20.681-06:00  INFO 36931 --- [TicketSystem] [main] com.zaxxer.hikari.pool.HikariPool        : HikariPool-1 - Added connection org.postgresql.jdbc.PgConnection@73316a0a
2024-12-18T11:09:20.682-06:00  INFO 36931 --- [TicketSystem] [main] com.zaxxer.hikari.HikariDataSource       : HikariPool-1 - Start completed.
2024-12-18T11:09:20.885-06:00  INFO 36931 --- [TicketSystem] [main] org.hibernate.orm.connections.pooling    : HHH10001005: Database info:
	Database JDBC URL [Connecting through datasource 'HikariDataSource (HikariPool-1)']
	Database driver: undefined/unknown
	Database version: 16.3
	Autocommit mode: undefined/unknown
	Isolation level: undefined/unknown
	Minimum pool size: undefined/unknown
	Maximum pool size: undefined/unknown
2024-12-18T11:09:21.405-06:00  INFO 36931 --- [TicketSystem] [main] o.h.e.t.j.p.i.JtaPlatformInitiator       : HHH000489: No JTA platform available (set 'hibernate.transaction.jta.platform' to enable JTA platform integration)
2024-12-18T11:09:21.559-06:00  INFO 36931 --- [TicketSystem] [main] j.LocalContainerEntityManagerFactoryBean : Initialized JPA EntityManagerFactory for persistence unit 'default'
2024-12-18T11:09:21.815-06:00  WARN 36931 --- [TicketSystem] [main] JpaBaseConfiguration$JpaWebConfiguration : spring.jpa.open-in-view is enabled by default. Therefore, database queries may be performed during view rendering. Explicitly configure spring.jpa.open-in-view to disable this warning
2024-12-18T11:09:22.308-06:00  INFO 36931 --- [TicketSystem] [main] o.s.b.a.e.web.EndpointLinksResolver      : Exposing 5 endpoints beneath base path '/actuator'
2024-12-18T11:09:22.370-06:00  INFO 36931 --- [TicketSystem] [main] o.s.b.w.embedded.tomcat.TomcatWebServer  : Tomcat started on port 5000 (http) with context path '/'
2024-12-18T11:09:22.387-06:00  INFO 36931 --- [TicketSystem] [main] c.r.T.TicketSystemApplication            : Started TicketSystemApplication in 4.184 seconds (process running for 4.643)
2024-12-18T11:09:24.526-06:00  INFO 36931 --- [TicketSystem] [RMI TCP Connection(2)-127.0.0.1] o.a.c.c.C.[Tomcat].[localhost].[/]       : Initializing Spring DispatcherServlet 'dispatcherServlet'
2024-12-18T11:09:24.526-06:00  INFO 36931 --- [TicketSystem] [RMI TCP Connection(2)-127.0.0.1] o.s.web.servlet.DispatcherServlet        : Initializing Servlet 'dispatcherServlet'
2024-12-18T11:09:24.527-06:00  INFO 36931 --- [TicketSystem] [RMI TCP Connection(2)-127.0.0.1] o.s.web.servlet.DispatcherServlet        : Completed initialization in 1 ms
2024-12-18T11:14:01.916-06:00  INFO 36931 --- [TicketSystem] [SpringApplicationShutdownHook] o.s.b.w.e.tomcat.GracefulShutdown        : Commencing graceful shutdown. Waiting for active requests to complete
2024-12-18T11:14:01.937-06:00  INFO 36931 --- [TicketSystem] [tomcat-shutdown] o.s.b.w.e.tomcat.GracefulShutdown        : Graceful shutdown complete
2024-12-18T11:14:01.953-06:00  INFO 36931 --- [TicketSystem] [SpringApplicationShutdownHook] j.LocalContainerEntityManagerFactoryBean : Closing JPA EntityManagerFactory for persistence unit 'default'
2024-12-18T11:14:01.957-06:00  INFO 36931 --- [TicketSystem] [SpringApplicationShutdownHook] com.zaxxer.hikari.HikariDataSource       : HikariPool-1 - Shutdown initiated...
2024-12-18T11:14:02.353-06:00  INFO 36931 --- [TicketSystem] [SpringApplicationShutdownHook] com.zaxxer.hikari.HikariDataSource       : HikariPool-1 - Shutdown completed.
